(0000) 3000  0011000000000000 (   3)                 .ORIG x3000
(3000) 5020  0101000000100000 (   4)                 AND   R0 R0 #0
(3001) 5260  0101001001100000 (   5)                 AND   R1 R1 #0
(3002) 54A0  0101010010100000 (   6)                 AND   R2 R2 #0
(3003) 2207  0010001000000111 (   7)                 LD    R1 VAL1
(3004) 2407  0010010000000111 (   8)                 LD    R2 VAL2
(3005) E007  1110000000000111 (  12)                 LEA   R0 text0
(3006) F022  1111000000100010 (  13)                 TRAP  x22
(3007) 5042  0101000001000010 (  14)                 AND   R0 R1 R2
(3008) 903F  1001000000111111 (  15)                 NOT   R0 R0
(3009) F022  1111000000100010 (  16)                 TRAP  x22
(300A) F025  1111000000100101 (  17)                 TRAP  x25
(300B) FFFF  1111111111111111 (  20) VAL1            .FILL xFFFF
(300C) 0008  0000000000001000 (  21) VAL2            .FILL x0008
(300D) 004E  0000000001001110 (  22) text0           .FILL x004E
(300E) 0041  0000000001000001 (  22)                 .FILL x0041
(300F) 004E  0000000001001110 (  22)                 .FILL x004E
(3010) 0044  0000000001000100 (  22)                 .FILL x0044
(3011) 003A  0000000000111010 (  22)                 .FILL x003A
(3012) 0000  0000000000000000 (  22)                 .FILL x0000
(3013) 004F  0000000001001111 (  23) text1           .FILL x004F
(3014) 0052  0000000001010010 (  23)                 .FILL x0052
(3015) 003A  0000000000111010 (  23)                 .FILL x003A
(3016) 0000  0000000000000000 (  23)                 .FILL x0000
(3017) 0058  0000000001011000 (  24) text2           .FILL x0058
(3018) 004F  0000000001001111 (  24)                 .FILL x004F
(3019) 0052  0000000001010010 (  24)                 .FILL x0052
(301A) 003A  0000000000111010 (  24)                 .FILL x003A
(301B) 0000  0000000000000000 (  24)                 .FILL x0000
