(0000) 3000  0011000000000000 (  10)                 .ORIG x3000
(3000) 2210  0010001000010000 (  11)                 LD    R1 NUM
(3001) 54A0  0101010010100000 (  12)                 AND   R2 R2 #0
(3002) 14A1  0001010010100001 (  13)                 ADD   R2 R2 #1
(3003) 5920  0101100100100000 (  14)                 AND   R4 R4 #0
(3004) 2A0D  0010101000001101 (  15)                 LD    R5 NUM2
(3005) 5642  0101011001000010 (  18) LOOP            AND   R3 R1 R2
(3006) 0401  0000010000000001 (  19)                 BRZ   NULL
(3007) 1921  0001100100100001 (  20)                 ADD   R4 R4 #1
(3008) 1482  0001010010000010 (  21) NULL            ADD   R2 R2 R2
(3009) 1B7F  0001101101111111 (  22)                 ADD   R5 R5 #-1
(300A) 03FA  0000001111111010 (  23)                 BRP   LOOP
(300B) E008  1110000000001000 (  24)                 LEA   R0 TEXT
(300C) F022  1111000000100010 (  25)                 TRAP  x22
(300D) 2405  0010010000000101 (  26)                 LD    R2 CHAR
(300E) 1084  0001000010000100 (  27)                 ADD   R0 R2 R4
(300F) F021  1111000000100001 (  28)                 TRAP  x21
(3010) F025  1111000000100101 (  29)                 TRAP  x25
(3011) 0003  0000000000000011 (  32) NUM             .FILL x0003
(3012) 0010  0000000000010000 (  33) NUM2            .FILL x0010
(3013) 0030  0000000000110000 (  34) CHAR            .FILL x0030
(3014) 0054  0000000001010100 (  35) TEXT            .FILL x0054
(3015) 0048  0000000001001000 (  35)                 .FILL x0048
(3016) 0045  0000000001000101 (  35)                 .FILL x0045
(3017) 0020  0000000000100000 (  35)                 .FILL x0020
(3018) 004E  0000000001001110 (  35)                 .FILL x004E
(3019) 0055  0000000001010101 (  35)                 .FILL x0055
(301A) 004D  0000000001001101 (  35)                 .FILL x004D
(301B) 0042  0000000001000010 (  35)                 .FILL x0042
(301C) 0045  0000000001000101 (  35)                 .FILL x0045
(301D) 0052  0000000001010010 (  35)                 .FILL x0052
(301E) 0020  0000000000100000 (  35)                 .FILL x0020
(301F) 004F  0000000001001111 (  35)                 .FILL x004F
(3020) 0046  0000000001000110 (  35)                 .FILL x0046
(3021) 0020  0000000000100000 (  35)                 .FILL x0020
(3022) 0031  0000000000110001 (  35)                 .FILL x0031
(3023) 0073  0000000001110011 (  35)                 .FILL x0073
(3024) 0020  0000000000100000 (  35)                 .FILL x0020
(3025) 0069  0000000001101001 (  35)                 .FILL x0069
(3026) 0073  0000000001110011 (  35)                 .FILL x0073
(3027) 003A  0000000000111010 (  35)                 .FILL x003A
(3028) 0000  0000000000000000 (  35)                 .FILL x0000
